Analysis & Synthesis report for SampleCPU
Tue Nov 14 23:33:46 2023
Quartus Prime Version 22.1std.2 Build 922 07/20/2023 SC Lite Edition


---------------------
; Table of Contents ;
---------------------
  1. Legal Notice
  2. Analysis & Synthesis Summary
  3. Analysis & Synthesis Settings
  4. Parallel Compilation
  5. Analysis & Synthesis Source Files Read
  6. Analysis & Synthesis Resource Usage Summary
  7. Analysis & Synthesis Resource Utilization by Entity
  8. Registers Removed During Synthesis
  9. Removed Registers Triggering Further Register Optimizations
 10. General Register Statistics
 11. Multiplexer Restructuring Statistics (Restructuring Performed)
 12. Port Connectivity Checks: "RfDmWb:dwb"
 13. Port Connectivity Checks: "DataMemory:dm"
 14. Port Connectivity Checks: "MainRegister:mrf"
 15. Port Connectivity Checks: "RfIfId:ifid"
 16. Post-Synthesis Netlist Statistics for Top Partition
 17. Elapsed Time Per Partition
 18. Analysis & Synthesis Messages
 19. Analysis & Synthesis Suppressed Messages



----------------
; Legal Notice ;
----------------
Copyright (C) 2023  Intel Corporation. All rights reserved.
Your use of Intel Corporation's design tools, logic functions 
and other software and tools, and any partner logic 
functions, and any output files from any of the foregoing 
(including device programming or simulation files), and any 
associated documentation or information are expressly subject 
to the terms and conditions of the Intel Program License 
Subscription Agreement, the Intel Quartus Prime License Agreement,
the Intel FPGA IP License Agreement, or other applicable license
agreement, including, without limitation, that your use is for
the sole purpose of programming logic devices manufactured by
Intel and sold by Intel or its authorized distributors.  Please
refer to the applicable agreement for further details, at
https://fpgasoftware.intel.com/eula.



+-------------------------------------------------------------------------------------+
; Analysis & Synthesis Summary                                                        ;
+------------------------------------+------------------------------------------------+
; Analysis & Synthesis Status        ; Successful - Tue Nov 14 23:33:46 2023          ;
; Quartus Prime Version              ; 22.1std.2 Build 922 07/20/2023 SC Lite Edition ;
; Revision Name                      ; SampleCPU                                      ;
; Top-level Entity Name              ; SCPU                                           ;
; Family                             ; MAX 10                                         ;
; Total logic elements               ; 0                                              ;
;     Total combinational functions  ; 0                                              ;
;     Dedicated logic registers      ; 0                                              ;
; Total registers                    ; 0                                              ;
; Total pins                         ; 17                                             ;
; Total virtual pins                 ; 0                                              ;
; Total memory bits                  ; 0                                              ;
; Embedded Multiplier 9-bit elements ; 0                                              ;
; Total PLLs                         ; 0                                              ;
; UFM blocks                         ; 0                                              ;
; ADC blocks                         ; 0                                              ;
+------------------------------------+------------------------------------------------+


+------------------------------------------------------------------------------------------------------------+
; Analysis & Synthesis Settings                                                                              ;
+------------------------------------------------------------------+--------------------+--------------------+
; Option                                                           ; Setting            ; Default Value      ;
+------------------------------------------------------------------+--------------------+--------------------+
; Device                                                           ; 10M08DAF484C8G     ;                    ;
; Top-level entity name                                            ; SCPU               ; SampleCPU          ;
; Family name                                                      ; MAX 10             ; Cyclone V          ;
; Use smart compilation                                            ; Off                ; Off                ;
; Enable parallel Assembler and Timing Analyzer during compilation ; On                 ; On                 ;
; Enable compact report table                                      ; Off                ; Off                ;
; Restructure Multiplexers                                         ; Auto               ; Auto               ;
; Create Debugging Nodes for IP Cores                              ; Off                ; Off                ;
; Preserve fewer node names                                        ; On                 ; On                 ;
; Intel FPGA IP Evaluation Mode                                    ; Enable             ; Enable             ;
; Verilog Version                                                  ; Verilog_2001       ; Verilog_2001       ;
; VHDL Version                                                     ; VHDL_1993          ; VHDL_1993          ;
; State Machine Processing                                         ; Auto               ; Auto               ;
; Safe State Machine                                               ; Off                ; Off                ;
; Extract Verilog State Machines                                   ; On                 ; On                 ;
; Extract VHDL State Machines                                      ; On                 ; On                 ;
; Ignore Verilog initial constructs                                ; Off                ; Off                ;
; Iteration limit for constant Verilog loops                       ; 5000               ; 5000               ;
; Iteration limit for non-constant Verilog loops                   ; 250                ; 250                ;
; Add Pass-Through Logic to Inferred RAMs                          ; On                 ; On                 ;
; Infer RAMs from Raw Logic                                        ; On                 ; On                 ;
; Parallel Synthesis                                               ; On                 ; On                 ;
; DSP Block Balancing                                              ; Auto               ; Auto               ;
; NOT Gate Push-Back                                               ; On                 ; On                 ;
; Power-Up Don't Care                                              ; On                 ; On                 ;
; Remove Redundant Logic Cells                                     ; Off                ; Off                ;
; Remove Duplicate Registers                                       ; On                 ; On                 ;
; Ignore CARRY Buffers                                             ; Off                ; Off                ;
; Ignore CASCADE Buffers                                           ; Off                ; Off                ;
; Ignore GLOBAL Buffers                                            ; Off                ; Off                ;
; Ignore ROW GLOBAL Buffers                                        ; Off                ; Off                ;
; Ignore LCELL Buffers                                             ; Off                ; Off                ;
; Ignore SOFT Buffers                                              ; On                 ; On                 ;
; Limit AHDL Integers to 32 Bits                                   ; Off                ; Off                ;
; Optimization Technique                                           ; Balanced           ; Balanced           ;
; Carry Chain Length                                               ; 70                 ; 70                 ;
; Auto Carry Chains                                                ; On                 ; On                 ;
; Auto Open-Drain Pins                                             ; On                 ; On                 ;
; Perform WYSIWYG Primitive Resynthesis                            ; Off                ; Off                ;
; Auto ROM Replacement                                             ; On                 ; On                 ;
; Auto RAM Replacement                                             ; On                 ; On                 ;
; Auto DSP Block Replacement                                       ; On                 ; On                 ;
; Auto Shift Register Replacement                                  ; Auto               ; Auto               ;
; Allow Shift Register Merging across Hierarchies                  ; Auto               ; Auto               ;
; Auto Clock Enable Replacement                                    ; On                 ; On                 ;
; Strict RAM Replacement                                           ; Off                ; Off                ;
; Allow Synchronous Control Signals                                ; On                 ; On                 ;
; Force Use of Synchronous Clear Signals                           ; Off                ; Off                ;
; Auto RAM Block Balancing                                         ; On                 ; On                 ;
; Auto RAM to Logic Cell Conversion                                ; Off                ; Off                ;
; Auto Resource Sharing                                            ; Off                ; Off                ;
; Allow Any RAM Size For Recognition                               ; Off                ; Off                ;
; Allow Any ROM Size For Recognition                               ; Off                ; Off                ;
; Allow Any Shift Register Size For Recognition                    ; Off                ; Off                ;
; Use LogicLock Constraints during Resource Balancing              ; On                 ; On                 ;
; Ignore translate_off and synthesis_off directives                ; Off                ; Off                ;
; Timing-Driven Synthesis                                          ; On                 ; On                 ;
; Report Parameter Settings                                        ; On                 ; On                 ;
; Report Source Assignments                                        ; On                 ; On                 ;
; Report Connectivity Checks                                       ; On                 ; On                 ;
; Ignore Maximum Fan-Out Assignments                               ; Off                ; Off                ;
; Synchronization Register Chain Length                            ; 2                  ; 2                  ;
; Power Optimization During Synthesis                              ; Normal compilation ; Normal compilation ;
; HDL message level                                                ; Level2             ; Level2             ;
; Suppress Register Optimization Related Messages                  ; Off                ; Off                ;
; Number of Removed Registers Reported in Synthesis Report         ; 5000               ; 5000               ;
; Number of Swept Nodes Reported in Synthesis Report               ; 5000               ; 5000               ;
; Number of Inverted Registers Reported in Synthesis Report        ; 100                ; 100                ;
; Clock MUX Protection                                             ; On                 ; On                 ;
; Auto Gated Clock Conversion                                      ; Off                ; Off                ;
; Block Design Naming                                              ; Auto               ; Auto               ;
; SDC constraint protection                                        ; Off                ; Off                ;
; Synthesis Effort                                                 ; Auto               ; Auto               ;
; Shift Register Replacement - Allow Asynchronous Clear Signal     ; On                 ; On                 ;
; Pre-Mapping Resynthesis Optimization                             ; Off                ; Off                ;
; Analysis & Synthesis Message Level                               ; Medium             ; Medium             ;
; Disable Register Merging Across Hierarchies                      ; Auto               ; Auto               ;
; Resource Aware Inference For Block RAM                           ; On                 ; On                 ;
+------------------------------------------------------------------+--------------------+--------------------+


+------------------------------------------+
; Parallel Compilation                     ;
+----------------------------+-------------+
; Processors                 ; Number      ;
+----------------------------+-------------+
; Number detected on machine ; 2           ;
; Maximum allowed            ; 2           ;
;                            ;             ;
; Average used               ; 1.00        ;
; Maximum used               ; 1           ;
;                            ;             ;
; Usage by Processor         ; % Time Used ;
;     Processor 1            ; 100.0%      ;
+----------------------------+-------------+


+----------------------------------------------------------------------------------------------------------------------------------------------------------+
; Analysis & Synthesis Source Files Read                                                                                                                   ;
+----------------------------------+-----------------+------------------------+------------------------------------------------------------------+---------+
; File Name with User-Entered Path ; Used in Netlist ; File Type              ; File Name with Absolute Path                                     ; Library ;
+----------------------------------+-----------------+------------------------+------------------------------------------------------------------+---------+
; SimpleCPU.v                      ; yes             ; User Verilog HDL File  ; //vmware-host/Shared Folders/CAProject/CP_Project/SimpleCPU.v    ;         ;
; Modules_Mem.v                    ; yes             ; User Verilog HDL File  ; //vmware-host/Shared Folders/CAProject/CP_Project/Modules_Mem.v  ;         ;
; Modules_Regs.v                   ; yes             ; User Verilog HDL File  ; //vmware-host/Shared Folders/CAProject/CP_Project/Modules_Regs.v ;         ;
; Modules_EXE.v                    ; yes             ; User Verilog HDL File  ; //vmware-host/Shared Folders/CAProject/CP_Project/Modules_EXE.v  ;         ;
+----------------------------------+-----------------+------------------------+------------------------------------------------------------------+---------+


+-------------------------------------------------------------+
; Analysis & Synthesis Resource Usage Summary                 ;
+---------------------------------------------+---------------+
; Resource                                    ; Usage         ;
+---------------------------------------------+---------------+
;                                             ;               ;
; Total combinational functions               ; 0             ;
; Logic element usage by number of LUT inputs ;               ;
;     -- 4 input functions                    ; 0             ;
;     -- 3 input functions                    ; 0             ;
;     -- <=2 input functions                  ; 0             ;
;                                             ;               ;
; Logic elements by mode                      ;               ;
;     -- normal mode                          ; 0             ;
;     -- arithmetic mode                      ; 0             ;
;                                             ;               ;
; Total registers                             ; 0             ;
;     -- Dedicated logic registers            ; 0             ;
;     -- I/O registers                        ; 0             ;
;                                             ;               ;
; I/O pins                                    ; 17            ;
;                                             ;               ;
; Embedded Multiplier 9-bit elements          ; 0             ;
;                                             ;               ;
; Maximum fan-out node                        ; res[0]~output ;
; Maximum fan-out                             ; 1             ;
; Total fan-out                               ; 17            ;
; Average fan-out                             ; 0.50          ;
+---------------------------------------------+---------------+


+------------------------------------------------------------------------------------------------------------------------------------------------------------------------------------------------------------------------------------+
; Analysis & Synthesis Resource Utilization by Entity                                                                                                                                                                                ;
+----------------------------+---------------------+---------------------------+-------------+------------+--------------+---------+-----------+------+--------------+------------+---------------------+-------------+--------------+
; Compilation Hierarchy Node ; Combinational ALUTs ; Dedicated Logic Registers ; Memory Bits ; UFM Blocks ; DSP Elements ; DSP 9x9 ; DSP 18x18 ; Pins ; Virtual Pins ; ADC blocks ; Full Hierarchy Name ; Entity Name ; Library Name ;
+----------------------------+---------------------+---------------------------+-------------+------------+--------------+---------+-----------+------+--------------+------------+---------------------+-------------+--------------+
; |SCPU                      ; 0 (0)               ; 0 (0)                     ; 0           ; 0          ; 0            ; 0       ; 0         ; 17   ; 0            ; 0          ; |SCPU               ; SCPU        ; work         ;
+----------------------------+---------------------+---------------------------+-------------+------------+--------------+---------+-----------+------+--------------+------------+---------------------+-------------+--------------+
Note: For table entries with two numbers listed, the numbers in parentheses indicate the number of resources of the given type used by the specific entity alone. The numbers listed outside of parentheses indicate the total resources of the given type used by the specific entity and all of its sub-entities in the hierarchy.


+---------------------------------------------------------------------------------+
; Registers Removed During Synthesis                                              ;
+----------------------------------------+----------------------------------------+
; Register name                          ; Reason for Removal                     ;
+----------------------------------------+----------------------------------------+
; RfIfId:ifid|inso[8..11]                ; Lost fanout                            ;
; RfIfId:ifid|inner_reg[8..11]           ; Lost fanout                            ;
; RfIdExe:idExe|dt[0..15]                ; Stuck at GND due to stuck port data_in ;
; RfIfId:ifid|inner_reg[12..15]          ; Stuck at GND due to stuck port data_in ;
; RfIdExe:idExe|dout[0..15]              ; Stuck at GND due to stuck port data_in ;
; RfIfId:ifid|inso[12..15]               ; Stuck at GND due to stuck port data_in ;
; RfIdExe:idExe|inst[12..15]             ; Stuck at GND due to stuck port data_in ;
; RfIdExe:idExe|inso[12..15]             ; Stuck at GND due to stuck port data_in ;
; RfExeDm:ms|alut[0..7]                  ; Stuck at GND due to stuck port data_in ;
; RfExeDm:ms|aluo[0..7]                  ; Stuck at GND due to stuck port data_in ;
; RfDmWb:dwb|alut[0..7]                  ; Stuck at GND due to stuck port data_in ;
; RfDmWb:dwb|aluo[0..7]                  ; Stuck at GND due to stuck port data_in ;
; Total Number of Removed Registers = 88 ;                                        ;
+----------------------------------------+----------------------------------------+


+--------------------------------------------------------------------------------------------------------------------------------------------+
; Removed Registers Triggering Further Register Optimizations                                                                                ;
+---------------------------+---------------------------+------------------------------------------------------------------------------------+
; Register name             ; Reason for Removal        ; Registers Removed due to This Register                                             ;
+---------------------------+---------------------------+------------------------------------------------------------------------------------+
; RfIdExe:idExe|dt[0]       ; Stuck at GND              ; RfIdExe:idExe|dout[0], RfExeDm:ms|alut[0], RfExeDm:ms|aluo[0], RfDmWb:dwb|alut[0], ;
;                           ; due to stuck port data_in ; RfDmWb:dwb|aluo[0]                                                                 ;
; RfIdExe:idExe|dt[1]       ; Stuck at GND              ; RfIdExe:idExe|dout[1], RfExeDm:ms|alut[1], RfExeDm:ms|aluo[1], RfDmWb:dwb|alut[1], ;
;                           ; due to stuck port data_in ; RfDmWb:dwb|aluo[1]                                                                 ;
; RfIdExe:idExe|dt[2]       ; Stuck at GND              ; RfIdExe:idExe|dout[2], RfExeDm:ms|alut[2], RfExeDm:ms|aluo[2], RfDmWb:dwb|alut[2], ;
;                           ; due to stuck port data_in ; RfDmWb:dwb|aluo[2]                                                                 ;
; RfIdExe:idExe|dt[3]       ; Stuck at GND              ; RfIdExe:idExe|dout[3], RfExeDm:ms|alut[3], RfExeDm:ms|aluo[3], RfDmWb:dwb|alut[3], ;
;                           ; due to stuck port data_in ; RfDmWb:dwb|aluo[3]                                                                 ;
; RfIdExe:idExe|dt[4]       ; Stuck at GND              ; RfIdExe:idExe|dout[4], RfExeDm:ms|alut[4], RfExeDm:ms|aluo[4], RfDmWb:dwb|alut[4], ;
;                           ; due to stuck port data_in ; RfDmWb:dwb|aluo[4]                                                                 ;
; RfIdExe:idExe|dt[5]       ; Stuck at GND              ; RfIdExe:idExe|dout[5], RfExeDm:ms|alut[5], RfExeDm:ms|aluo[5], RfDmWb:dwb|alut[5], ;
;                           ; due to stuck port data_in ; RfDmWb:dwb|aluo[5]                                                                 ;
; RfIdExe:idExe|dt[6]       ; Stuck at GND              ; RfIdExe:idExe|dout[6], RfExeDm:ms|alut[6], RfExeDm:ms|aluo[6], RfDmWb:dwb|alut[6], ;
;                           ; due to stuck port data_in ; RfDmWb:dwb|aluo[6]                                                                 ;
; RfIdExe:idExe|dt[7]       ; Stuck at GND              ; RfIdExe:idExe|dout[7], RfExeDm:ms|alut[7], RfExeDm:ms|aluo[7], RfDmWb:dwb|alut[7], ;
;                           ; due to stuck port data_in ; RfDmWb:dwb|aluo[7]                                                                 ;
; RfIfId:ifid|inner_reg[12] ; Stuck at GND              ; RfIfId:ifid|inso[12], RfIdExe:idExe|inst[12], RfIdExe:idExe|inso[12]               ;
;                           ; due to stuck port data_in ;                                                                                    ;
; RfIfId:ifid|inner_reg[13] ; Stuck at GND              ; RfIfId:ifid|inso[13], RfIdExe:idExe|inst[13], RfIdExe:idExe|inso[13]               ;
;                           ; due to stuck port data_in ;                                                                                    ;
; RfIfId:ifid|inner_reg[14] ; Stuck at GND              ; RfIfId:ifid|inso[14], RfIdExe:idExe|inst[14], RfIdExe:idExe|inso[14]               ;
;                           ; due to stuck port data_in ;                                                                                    ;
; RfIfId:ifid|inner_reg[15] ; Stuck at GND              ; RfIfId:ifid|inso[15], RfIdExe:idExe|inst[15], RfIdExe:idExe|inso[15]               ;
;                           ; due to stuck port data_in ;                                                                                    ;
; RfIdExe:idExe|dt[8]       ; Stuck at GND              ; RfIdExe:idExe|dout[8]                                                              ;
;                           ; due to stuck port data_in ;                                                                                    ;
; RfIdExe:idExe|dt[9]       ; Stuck at GND              ; RfIdExe:idExe|dout[9]                                                              ;
;                           ; due to stuck port data_in ;                                                                                    ;
; RfIdExe:idExe|dt[10]      ; Stuck at GND              ; RfIdExe:idExe|dout[10]                                                             ;
;                           ; due to stuck port data_in ;                                                                                    ;
; RfIdExe:idExe|dt[11]      ; Stuck at GND              ; RfIdExe:idExe|dout[11]                                                             ;
;                           ; due to stuck port data_in ;                                                                                    ;
; RfIdExe:idExe|dt[12]      ; Stuck at GND              ; RfIdExe:idExe|dout[12]                                                             ;
;                           ; due to stuck port data_in ;                                                                                    ;
; RfIdExe:idExe|dt[13]      ; Stuck at GND              ; RfIdExe:idExe|dout[13]                                                             ;
;                           ; due to stuck port data_in ;                                                                                    ;
; RfIdExe:idExe|dt[14]      ; Stuck at GND              ; RfIdExe:idExe|dout[14]                                                             ;
;                           ; due to stuck port data_in ;                                                                                    ;
; RfIdExe:idExe|dt[15]      ; Stuck at GND              ; RfIdExe:idExe|dout[15]                                                             ;
;                           ; due to stuck port data_in ;                                                                                    ;
+---------------------------+---------------------------+------------------------------------------------------------------------------------+


+------------------------------------------------------+
; General Register Statistics                          ;
+----------------------------------------------+-------+
; Statistic                                    ; Value ;
+----------------------------------------------+-------+
; Total registers                              ; 0     ;
; Number of registers using Synchronous Clear  ; 0     ;
; Number of registers using Synchronous Load   ; 0     ;
; Number of registers using Asynchronous Clear ; 0     ;
; Number of registers using Asynchronous Load  ; 0     ;
; Number of registers using Clock Enable       ; 0     ;
; Number of registers using Preset             ; 0     ;
+----------------------------------------------+-------+


+------------------------------------------------------------------------------------------------------------------------------------------+
; Multiplexer Restructuring Statistics (Restructuring Performed)                                                                           ;
+--------------------+-----------+---------------+----------------------+------------------------+------------+----------------------------+
; Multiplexer Inputs ; Bus Width ; Baseline Area ; Area if Restructured ; Saving if Restructured ; Registered ; Example Multiplexer Output ;
+--------------------+-----------+---------------+----------------------+------------------------+------------+----------------------------+
; 8:1                ; 6 bits    ; 30 LEs        ; 24 LEs               ; 6 LEs                  ; No         ; |SCPU|ALU:alu|Mux1         ;
+--------------------+-----------+---------------+----------------------+------------------------+------------+----------------------------+


+---------------------------------------------------+
; Port Connectivity Checks: "RfDmWb:dwb"            ;
+------+--------+----------+------------------------+
; Port ; Type   ; Severity ; Details                ;
+------+--------+----------+------------------------+
; inso ; Output ; Info     ; Explicitly unconnected ;
; dout ; Output ; Info     ; Explicitly unconnected ;
; memo ; Output ; Info     ; Explicitly unconnected ;
+------+--------+----------+------------------------+


+--------------------------------------------------------------------------------------------------------------------------------------------------------------------------------------------------------------+
; Port Connectivity Checks: "DataMemory:dm"                                                                                                                                                                    ;
+--------+-------+----------+----------------------------------------------------------------------------------------------------------------------------------------------------------------------------------+
; Port   ; Type  ; Severity ; Details                                                                                                                                                                          ;
+--------+-------+----------+----------------------------------------------------------------------------------------------------------------------------------------------------------------------------------+
; we     ; Input ; Warning  ; Input port expression (2 bits) is wider than the input port (1 bits) it drives.  The 1 most-significant bit(s) in the expression will be dangling if they have no other fanouts. ;
; we[-1] ; Input ; Info     ; Stuck at VCC                                                                                                                                                                     ;
+--------+-------+----------+----------------------------------------------------------------------------------------------------------------------------------------------------------------------------------+


+-------------------------------------------------------------------------------------------------------------------------------------------------------------------------------------------------------------------+
; Port Connectivity Checks: "MainRegister:mrf"                                                                                                                                                                      ;
+-----------+-------+----------+------------------------------------------------------------------------------------------------------------------------------------------------------------------------------------+
; Port      ; Type  ; Severity ; Details                                                                                                                                                                            ;
+-----------+-------+----------+------------------------------------------------------------------------------------------------------------------------------------------------------------------------------------+
; we        ; Input ; Info     ; Stuck at VCC                                                                                                                                                                       ;
; wd        ; Input ; Warning  ; Input port expression (32 bits) is wider than the input port (2 bits) it drives.  The 30 most-significant bit(s) in the expression will be dangling if they have no other fanouts. ;
; wd[1..0]  ; Input ; Info     ; Stuck at GND                                                                                                                                                                       ;
; din       ; Input ; Warning  ; Input port expression (32 bits) is wider than the input port (8 bits) it drives.  The 24 most-significant bit(s) in the expression will be dangling if they have no other fanouts. ;
; din[7..0] ; Input ; Info     ; Stuck at GND                                                                                                                                                                       ;
+-----------+-------+----------+------------------------------------------------------------------------------------------------------------------------------------------------------------------------------------+


+-----------------------------------------+
; Port Connectivity Checks: "RfIfId:ifid" ;
+------+-------+----------+---------------+
; Port ; Type  ; Severity ; Details       ;
+------+-------+----------+---------------+
; we   ; Input ; Info     ; Stuck at VCC  ;
+------+-------+----------+---------------+


+-----------------------------------------------------+
; Post-Synthesis Netlist Statistics for Top Partition ;
+-----------------------+-----------------------------+
; Type                  ; Count                       ;
+-----------------------+-----------------------------+
; boundary_port         ; 17                          ;
; cycloneiii_lcell_comb ; 1                           ;
;     normal            ; 1                           ;
;         0 data inputs ; 1                           ;
;                       ;                             ;
; Max LUT depth         ; 0.00                        ;
; Average LUT depth     ; 0.00                        ;
+-----------------------+-----------------------------+


+-------------------------------+
; Elapsed Time Per Partition    ;
+----------------+--------------+
; Partition Name ; Elapsed Time ;
+----------------+--------------+
; Top            ; 00:00:00     ;
+----------------+--------------+


+-------------------------------+
; Analysis & Synthesis Messages ;
+-------------------------------+
Info: *******************************************************************
Info: Running Quartus Prime Analysis & Synthesis
    Info: Version 22.1std.2 Build 922 07/20/2023 SC Lite Edition
    Info: Processing started: Tue Nov 14 23:33:14 2023
Info: Command: quartus_map --read_settings_files=on --write_settings_files=off SampleCPU -c SampleCPU
Warning (18236): Number of processors has not been specified which may cause overloading on shared machines.  Set the global assignment NUM_PARALLEL_PROCESSORS in your QSF to an appropriate value for best performance.
Info (20030): Parallel compilation is enabled and will use 2 of the 2 processors detected
Info (12021): Found 1 design units, including 1 entities, in source file pc.v
    Info (12023): Found entity 1: ProgramCounter File: //vmware-host/Shared Folders/CAProject/CP_Project/PC.v Line: 2
Info (12021): Found 1 design units, including 1 entities, in source file simplecpu.v
    Info (12023): Found entity 1: SCPU File: //vmware-host/Shared Folders/CAProject/CP_Project/SimpleCPU.v Line: 2
Info (12021): Found 3 design units, including 3 entities, in source file modules_utils.v
    Info (12023): Found entity 1: OneBitAdder File: //vmware-host/Shared Folders/CAProject/CP_Project/Modules_Utils.v Line: 3
    Info (12023): Found entity 2: EightBitAdder File: //vmware-host/Shared Folders/CAProject/CP_Project/Modules_Utils.v Line: 11
    Info (12023): Found entity 3: TwoToOneMux File: //vmware-host/Shared Folders/CAProject/CP_Project/Modules_Utils.v Line: 26
Info (12021): Found 2 design units, including 2 entities, in source file modules_mem.v
    Info (12023): Found entity 1: DataMemory File: //vmware-host/Shared Folders/CAProject/CP_Project/Modules_Mem.v Line: 2
    Info (12023): Found entity 2: InstructionMemory File: //vmware-host/Shared Folders/CAProject/CP_Project/Modules_Mem.v Line: 19
Info (12021): Found 5 design units, including 5 entities, in source file modules_regs.v
    Info (12023): Found entity 1: MainRegister File: //vmware-host/Shared Folders/CAProject/CP_Project/Modules_Regs.v Line: 3
    Info (12023): Found entity 2: RfIfId File: //vmware-host/Shared Folders/CAProject/CP_Project/Modules_Regs.v Line: 26
    Info (12023): Found entity 3: RfIdExe File: //vmware-host/Shared Folders/CAProject/CP_Project/Modules_Regs.v Line: 50
    Info (12023): Found entity 4: RfExeDm File: //vmware-host/Shared Folders/CAProject/CP_Project/Modules_Regs.v Line: 76
    Info (12023): Found entity 5: RfDmWb File: //vmware-host/Shared Folders/CAProject/CP_Project/Modules_Regs.v Line: 107
Info (12021): Found 1 design units, including 1 entities, in source file modules_exe.v
    Info (12023): Found entity 1: ALU File: //vmware-host/Shared Folders/CAProject/CP_Project/Modules_EXE.v Line: 2
Info (12127): Elaborating entity "SCPU" for the top level hierarchy
Info (12128): Elaborating entity "InstructionMemory" for hierarchy "InstructionMemory:ins_mem" File: //vmware-host/Shared Folders/CAProject/CP_Project/SimpleCPU.v Line: 7
Warning (10858): Verilog HDL warning at Modules_Mem.v(25): object memory used but never assigned File: //vmware-host/Shared Folders/CAProject/CP_Project/Modules_Mem.v Line: 25
Info (12128): Elaborating entity "RfIfId" for hierarchy "RfIfId:ifid" File: //vmware-host/Shared Folders/CAProject/CP_Project/SimpleCPU.v Line: 10
Info (12128): Elaborating entity "MainRegister" for hierarchy "MainRegister:mrf" File: //vmware-host/Shared Folders/CAProject/CP_Project/SimpleCPU.v Line: 14
Info (12128): Elaborating entity "RfIdExe" for hierarchy "RfIdExe:idExe" File: //vmware-host/Shared Folders/CAProject/CP_Project/SimpleCPU.v Line: 20
Info (12128): Elaborating entity "ALU" for hierarchy "ALU:alu" File: //vmware-host/Shared Folders/CAProject/CP_Project/SimpleCPU.v Line: 24
Warning (10235): Verilog HDL Always Construct warning at Modules_EXE.v(18): variable "ZN" is read inside the Always Construct but isn't in the Always Construct's Event Control File: //vmware-host/Shared Folders/CAProject/CP_Project/Modules_EXE.v Line: 18
Warning (10235): Verilog HDL Always Construct warning at Modules_EXE.v(24): variable "ZN" is read inside the Always Construct but isn't in the Always Construct's Event Control File: //vmware-host/Shared Folders/CAProject/CP_Project/Modules_EXE.v Line: 24
Warning (10235): Verilog HDL Always Construct warning at Modules_EXE.v(30): variable "ZN" is read inside the Always Construct but isn't in the Always Construct's Event Control File: //vmware-host/Shared Folders/CAProject/CP_Project/Modules_EXE.v Line: 30
Warning (10235): Verilog HDL Always Construct warning at Modules_EXE.v(35): variable "ZN" is read inside the Always Construct but isn't in the Always Construct's Event Control File: //vmware-host/Shared Folders/CAProject/CP_Project/Modules_EXE.v Line: 35
Warning (10235): Verilog HDL Always Construct warning at Modules_EXE.v(40): variable "ZN" is read inside the Always Construct but isn't in the Always Construct's Event Control File: //vmware-host/Shared Folders/CAProject/CP_Project/Modules_EXE.v Line: 40
Warning (10240): Verilog HDL Always Construct warning at Modules_EXE.v(11): inferring latch(es) for variable "result", which holds its previous value in one or more paths through the always construct File: //vmware-host/Shared Folders/CAProject/CP_Project/Modules_EXE.v Line: 11
Warning (10240): Verilog HDL Always Construct warning at Modules_EXE.v(11): inferring latch(es) for variable "ZN", which holds its previous value in one or more paths through the always construct File: //vmware-host/Shared Folders/CAProject/CP_Project/Modules_EXE.v Line: 11
Info (10041): Inferred latch for "result[0]" at Modules_EXE.v(11) File: //vmware-host/Shared Folders/CAProject/CP_Project/Modules_EXE.v Line: 11
Info (10041): Inferred latch for "result[1]" at Modules_EXE.v(11) File: //vmware-host/Shared Folders/CAProject/CP_Project/Modules_EXE.v Line: 11
Info (10041): Inferred latch for "result[2]" at Modules_EXE.v(11) File: //vmware-host/Shared Folders/CAProject/CP_Project/Modules_EXE.v Line: 11
Info (10041): Inferred latch for "result[3]" at Modules_EXE.v(11) File: //vmware-host/Shared Folders/CAProject/CP_Project/Modules_EXE.v Line: 11
Info (10041): Inferred latch for "result[4]" at Modules_EXE.v(11) File: //vmware-host/Shared Folders/CAProject/CP_Project/Modules_EXE.v Line: 11
Info (10041): Inferred latch for "result[5]" at Modules_EXE.v(11) File: //vmware-host/Shared Folders/CAProject/CP_Project/Modules_EXE.v Line: 11
Info (10041): Inferred latch for "result[6]" at Modules_EXE.v(11) File: //vmware-host/Shared Folders/CAProject/CP_Project/Modules_EXE.v Line: 11
Info (10041): Inferred latch for "result[7]" at Modules_EXE.v(11) File: //vmware-host/Shared Folders/CAProject/CP_Project/Modules_EXE.v Line: 11
Info (12128): Elaborating entity "RfExeDm" for hierarchy "RfExeDm:ms" File: //vmware-host/Shared Folders/CAProject/CP_Project/SimpleCPU.v Line: 31
Info (12128): Elaborating entity "DataMemory" for hierarchy "DataMemory:dm" File: //vmware-host/Shared Folders/CAProject/CP_Project/SimpleCPU.v Line: 35
Info (12128): Elaborating entity "RfDmWb" for hierarchy "RfDmWb:dwb" File: //vmware-host/Shared Folders/CAProject/CP_Project/SimpleCPU.v Line: 38
Warning (14025): LATCH primitive "ALU:alu|result[1]" is permanently disabled File: //vmware-host/Shared Folders/CAProject/CP_Project/Modules_EXE.v Line: 11
Warning (14025): LATCH primitive "ALU:alu|result[2]" is permanently disabled File: //vmware-host/Shared Folders/CAProject/CP_Project/Modules_EXE.v Line: 11
Warning (14025): LATCH primitive "ALU:alu|result[3]" is permanently disabled File: //vmware-host/Shared Folders/CAProject/CP_Project/Modules_EXE.v Line: 11
Warning (14025): LATCH primitive "ALU:alu|result[4]" is permanently disabled File: //vmware-host/Shared Folders/CAProject/CP_Project/Modules_EXE.v Line: 11
Warning (14025): LATCH primitive "ALU:alu|result[5]" is permanently disabled File: //vmware-host/Shared Folders/CAProject/CP_Project/Modules_EXE.v Line: 11
Warning (14025): LATCH primitive "ALU:alu|result[6]" is permanently disabled File: //vmware-host/Shared Folders/CAProject/CP_Project/Modules_EXE.v Line: 11
Warning (12241): 2 hierarchies have connectivity warnings - see the Connectivity Checks report folder
Warning (13024): Output pins are stuck at VCC or GND
    Warning (13410): Pin "res[0]" is stuck at GND File: //vmware-host/Shared Folders/CAProject/CP_Project/SimpleCPU.v Line: 2
    Warning (13410): Pin "res[1]" is stuck at GND File: //vmware-host/Shared Folders/CAProject/CP_Project/SimpleCPU.v Line: 2
    Warning (13410): Pin "res[2]" is stuck at GND File: //vmware-host/Shared Folders/CAProject/CP_Project/SimpleCPU.v Line: 2
    Warning (13410): Pin "res[3]" is stuck at GND File: //vmware-host/Shared Folders/CAProject/CP_Project/SimpleCPU.v Line: 2
    Warning (13410): Pin "res[4]" is stuck at GND File: //vmware-host/Shared Folders/CAProject/CP_Project/SimpleCPU.v Line: 2
    Warning (13410): Pin "res[5]" is stuck at GND File: //vmware-host/Shared Folders/CAProject/CP_Project/SimpleCPU.v Line: 2
    Warning (13410): Pin "res[6]" is stuck at GND File: //vmware-host/Shared Folders/CAProject/CP_Project/SimpleCPU.v Line: 2
    Warning (13410): Pin "res[7]" is stuck at GND File: //vmware-host/Shared Folders/CAProject/CP_Project/SimpleCPU.v Line: 2
Info (17049): 8 registers lost all their fanouts during netlist optimizations.
Info (144001): Generated suppressed messages file /CAProject/CP_Project/output_files/SampleCPU.map.smsg
Info (16010): Generating hard_block partition "hard_block:auto_generated_inst"
    Info (16011): Adding 0 node(s), including 0 DDIO, 0 PLL, 0 transceiver and 0 LCELL
Warning (21074): Design contains 9 input pin(s) that do not drive logic
    Warning (15610): No output dependent on input pin "clk" File: //vmware-host/Shared Folders/CAProject/CP_Project/SimpleCPU.v Line: 2
    Warning (15610): No output dependent on input pin "ins_index[0]" File: //vmware-host/Shared Folders/CAProject/CP_Project/SimpleCPU.v Line: 2
    Warning (15610): No output dependent on input pin "ins_index[1]" File: //vmware-host/Shared Folders/CAProject/CP_Project/SimpleCPU.v Line: 2
    Warning (15610): No output dependent on input pin "ins_index[2]" File: //vmware-host/Shared Folders/CAProject/CP_Project/SimpleCPU.v Line: 2
    Warning (15610): No output dependent on input pin "ins_index[3]" File: //vmware-host/Shared Folders/CAProject/CP_Project/SimpleCPU.v Line: 2
    Warning (15610): No output dependent on input pin "ins_index[4]" File: //vmware-host/Shared Folders/CAProject/CP_Project/SimpleCPU.v Line: 2
    Warning (15610): No output dependent on input pin "ins_index[5]" File: //vmware-host/Shared Folders/CAProject/CP_Project/SimpleCPU.v Line: 2
    Warning (15610): No output dependent on input pin "ins_index[6]" File: //vmware-host/Shared Folders/CAProject/CP_Project/SimpleCPU.v Line: 2
    Warning (15610): No output dependent on input pin "ins_index[7]" File: //vmware-host/Shared Folders/CAProject/CP_Project/SimpleCPU.v Line: 2
Info (21057): Implemented 17 device resources after synthesis - the final resource count might be different
    Info (21058): Implemented 9 input pins
    Info (21059): Implemented 8 output pins
Info: Quartus Prime Analysis & Synthesis was successful. 0 errors, 35 warnings
    Info: Peak virtual memory: 4768 megabytes
    Info: Processing ended: Tue Nov 14 23:33:46 2023
    Info: Elapsed time: 00:00:32
    Info: Total CPU time (on all processors): 00:00:28


+------------------------------------------+
; Analysis & Synthesis Suppressed Messages ;
+------------------------------------------+
The suppressed messages can be found in /CAProject/CP_Project/output_files/SampleCPU.map.smsg.


